This file contains any messages produced by compilers while
running configure, to aid debugging if configure makes a mistake.

It was created by GMTSAR configure 5.5.0, which was
generated by GNU Autoconf 2.69.  Invocation command line was

  $ ./configure --with-orbits-dir=/usr/local/orbits

## --------- ##
## Platform. ##
## --------- ##

hostname = altika
uname -m = x86_64
uname -r = 18.6.0
uname -s = Darwin
uname -v = Darwin Kernel Version 18.6.0: Thu Apr 25 23:16:27 PDT 2019; root:xnu-4903.261.4~2/RELEASE_X86_64

/usr/bin/uname -p = i386
/bin/uname -X     = unknown

/bin/arch              = unknown
/usr/bin/arch -k       = unknown
/usr/convex/getsysinfo = unknown
/usr/bin/hostinfo      = Mach kernel version:
	 Darwin Kernel Version 18.6.0: Thu Apr 25 23:16:27 PDT 2019; root:xnu-4903.261.4~2/RELEASE_X86_64
Kernel configured for up to 8 processors.
4 processors are physically available.
8 processors are logically available.
Processor type: x86_64h (Intel x86-64h Haswell)
Processors active: 0 1 2 3 4 5 6 7
Primary memory available: 16.00 gigabytes
Default processor set: 383 tasks, 1488 threads, 8 processors
Load average: 0.67, Mach factor: 7.32
/bin/machine           = unknown
/usr/bin/oslevel       = unknown
/bin/universe          = unknown

PATH: /usr/local/GMTSAR/bin
PATH: ./
PATH: /usr/local/bin
PATH: /usr/local/bin
PATH: /usr/local/bin
PATH: /radar/mgg/alt/bin
PATH: /geosat2/srtm30_15/srtm15_code/bin
PATH: /usr/local/fftfault/bin
PATH: /geosat2/cm_data_topo1/bin
PATH: /usr/local/GMTSAR/bin
PATH: ./
PATH: /usr/local/bin
PATH: /usr/local/bin
PATH: /usr/local/bin
PATH: /radar/mgg/alt/bin
PATH: /geosat2/srtm30_15/srtm15_code/bin
PATH: /usr/local/fftfault/bin
PATH: /geosat2/cm_data_topo1/bin
PATH: /opt/igpp/sbin
PATH: /opt/igpp/bin
PATH: /opt/local/sbin
PATH: /opt/local/bin
PATH: /opt/local/lib/gmt4/bin
PATH: /Library/Frameworks/Canopy.framework/bin
PATH: /Library/Frameworks/EPD64.framework/Versions/Current/bin
PATH: /usr/bin
PATH: /bin
PATH: /usr/sbin
PATH: /sbin
PATH: /usr/local/bin
PATH: /sw/bin
PATH: /sw/sbin
PATH: /Applications/MATLAB_R2019a.app/bin
PATH: /usr/X11/bin
PATH: /Library/TeX/texbin
PATH: /opt/X11/bin


## ----------- ##
## Core tests. ##
## ----------- ##

configure:2535: checking build system type
configure:2549: result: x86_64-apple-darwin18.6.0
configure:2569: checking host system type
configure:2582: result: x86_64-apple-darwin18.6.0
configure:2608: checking target system type
configure:2621: result: x86_64-apple-darwin18.6.0
configure:2702: checking for gcc
configure:2729: result: gcc
configure:2958: checking for C compiler version
configure:2967: gcc --version >&5
Apple LLVM version 10.0.1 (clang-1001.0.46.4)
Target: x86_64-apple-darwin18.6.0
Thread model: posix
InstalledDir: /Applications/Xcode.app/Contents/Developer/Toolchains/XcodeDefault.xctoolchain/usr/bin
Configured with: --prefix=/Applications/Xcode.app/Contents/Developer/usr --with-gxx-include-dir=/Applications/Xcode.app/Contents/Developer/Platforms/MacOSX.platform/Developer/SDKs/MacOSX10.14.sdk/usr/include/c++/4.2.1
configure:2978: $? = 0
configure:2967: gcc -v >&5
Configured with: --prefix=/Applications/Xcode.app/Contents/Developer/usr --with-gxx-include-dir=/Applications/Xcode.app/Contents/Developer/Platforms/MacOSX.platform/Developer/SDKs/MacOSX10.14.sdk/usr/include/c++/4.2.1
Apple LLVM version 10.0.1 (clang-1001.0.46.4)
Target: x86_64-apple-darwin18.6.0
Thread model: posix
InstalledDir: /Applications/Xcode.app/Contents/Developer/Toolchains/XcodeDefault.xctoolchain/usr/bin
configure:2978: $? = 0
configure:2967: gcc -V >&5
clang: error: unsupported option '-V -Wno-atomic-implicit-seq-cst'
clang: error: no input files
configure:2978: $? = 1
configure:2967: gcc -qversion >&5
clang: error: unknown argument '-qversion', did you mean '--version'?
clang: error: no input files
configure:2978: $? = 1
configure:2998: checking whether the C compiler works
configure:3020: gcc    conftest.c  >&5
configure:3024: $? = 0
configure:3072: result: yes
configure:3075: checking for C compiler default output file name
configure:3077: result: a.out
configure:3083: checking for suffix of executables
configure:3090: gcc -o conftest    conftest.c  >&5
configure:3094: $? = 0
configure:3116: result: 
configure:3138: checking whether we are cross compiling
configure:3146: gcc -o conftest    conftest.c  >&5
configure:3150: $? = 0
configure:3157: ./conftest
configure:3161: $? = 0
configure:3176: result: no
configure:3181: checking for suffix of object files
configure:3203: gcc -c   conftest.c >&5
configure:3207: $? = 0
configure:3228: result: o
configure:3232: checking whether we are using the GNU C compiler
configure:3251: gcc -c   conftest.c >&5
configure:3251: $? = 0
configure:3260: result: yes
configure:3269: checking whether gcc accepts -g
configure:3289: gcc -c -g  conftest.c >&5
configure:3289: $? = 0
configure:3330: result: yes
configure:3347: checking for gcc option to accept ISO C89
configure:3410: gcc  -c -g -O2  conftest.c >&5
configure:3410: $? = 0
configure:3423: result: none needed
configure:3448: checking how to run the C preprocessor
configure:3479: gcc -E  conftest.c
configure:3479: $? = 0
configure:3493: gcc -E  conftest.c
conftest.c:9:10: fatal error: 'ac_nonexistent.h' file not found
#include <ac_nonexistent.h>
         ^~~~~~~~~~~~~~~~~~
1 error generated.
configure:3493: $? = 1
configure: failed program was:
| /* confdefs.h */
| #define PACKAGE_NAME "GMTSAR"
| #define PACKAGE_TARNAME "gmtsar"
| #define PACKAGE_VERSION "5.5.0"
| #define PACKAGE_STRING "GMTSAR 5.5.0"
| #define PACKAGE_BUGREPORT "gmtsar-l@ucsd.edu"
| #define PACKAGE_URL ""
| /* end confdefs.h.  */
| #include <ac_nonexistent.h>
configure:3518: result: gcc -E
configure:3538: gcc -E  conftest.c
configure:3538: $? = 0
configure:3552: gcc -E  conftest.c
conftest.c:9:10: fatal error: 'ac_nonexistent.h' file not found
#include <ac_nonexistent.h>
         ^~~~~~~~~~~~~~~~~~
1 error generated.
configure:3552: $? = 1
configure: failed program was:
| /* confdefs.h */
| #define PACKAGE_NAME "GMTSAR"
| #define PACKAGE_TARNAME "gmtsar"
| #define PACKAGE_VERSION "5.5.0"
| #define PACKAGE_STRING "GMTSAR 5.5.0"
| #define PACKAGE_BUGREPORT "gmtsar-l@ucsd.edu"
| #define PACKAGE_URL ""
| /* end confdefs.h.  */
| #include <ac_nonexistent.h>
configure:3583: checking for X
configure:3691: gcc -E  conftest.c
conftest.c:9:10: fatal error: 'X11/Xlib.h' file not found
#include <X11/Xlib.h>
         ^~~~~~~~~~~~
1 error generated.
configure:3691: $? = 1
configure: failed program was:
| /* confdefs.h */
| #define PACKAGE_NAME "GMTSAR"
| #define PACKAGE_TARNAME "gmtsar"
| #define PACKAGE_VERSION "5.5.0"
| #define PACKAGE_STRING "GMTSAR 5.5.0"
| #define PACKAGE_BUGREPORT "gmtsar-l@ucsd.edu"
| #define PACKAGE_URL ""
| /* end confdefs.h.  */
| #include <X11/Xlib.h>
configure:3722: gcc -o conftest -g -O2   conftest.c -lX11  >&5
conftest.c:9:10: fatal error: 'X11/Xlib.h' file not found
#include <X11/Xlib.h>
         ^~~~~~~~~~~~
1 error generated.
configure:3722: $? = 1
configure: failed program was:
| /* confdefs.h */
| #define PACKAGE_NAME "GMTSAR"
| #define PACKAGE_TARNAME "gmtsar"
| #define PACKAGE_VERSION "5.5.0"
| #define PACKAGE_STRING "GMTSAR 5.5.0"
| #define PACKAGE_BUGREPORT "gmtsar-l@ucsd.edu"
| #define PACKAGE_URL ""
| /* end confdefs.h.  */
| #include <X11/Xlib.h>
| int
| main ()
| {
| XrmInitialize ()
|   ;
|   return 0;
| }
configure:3772: result: libraries /usr/X11/lib, headers /usr/X11/include
configure:3792: checking whether -R must be followed by a space
configure:3808: gcc -o conftest -g -O2   conftest.c  -R/usr/X11/lib >&5
warning: unknown remark option '-R/usr/X11/lib' [-Wunknown-warning-option]
1 warning generated.
configure:3808: $? = 0
configure: failed program was:
| /* confdefs.h */
| #define PACKAGE_NAME "GMTSAR"
| #define PACKAGE_TARNAME "gmtsar"
| #define PACKAGE_VERSION "5.5.0"
| #define PACKAGE_STRING "GMTSAR 5.5.0"
| #define PACKAGE_BUGREPORT "gmtsar-l@ucsd.edu"
| #define PACKAGE_URL ""
| /* end confdefs.h.  */
| 
| int
| main ()
| {
| 
|   ;
|   return 0;
| }
configure:3825: gcc -o conftest -g -O2   conftest.c  -R /usr/X11/lib >&5
warning: unknown remark option '-R' [-Wunknown-warning-option]
1 warning generated.
ld: can't map file, errno=22 file '/usr/X11/lib' for architecture x86_64
clang: error: linker command failed with exit code 1 (use -v to see invocation)
configure:3825: $? = 1
configure: failed program was:
| /* confdefs.h */
| #define PACKAGE_NAME "GMTSAR"
| #define PACKAGE_TARNAME "gmtsar"
| #define PACKAGE_VERSION "5.5.0"
| #define PACKAGE_STRING "GMTSAR 5.5.0"
| #define PACKAGE_BUGREPORT "gmtsar-l@ucsd.edu"
| #define PACKAGE_URL ""
| /* end confdefs.h.  */
| 
| int
| main ()
| {
| 
|   ;
|   return 0;
| }
configure:3830: result: neither works
configure:3871: gcc -o conftest -g -O2   conftest.c   -L/usr/X11/lib -lX11 >&5
configure:3871: $? = 0
configure:3969: checking for gethostbyname
configure:3969: gcc -o conftest -g -O2   conftest.c  >&5
configure:3969: $? = 0
configure:3969: result: yes
configure:4066: checking for connect
configure:4066: gcc -o conftest -g -O2   conftest.c  >&5
configure:4066: $? = 0
configure:4066: result: yes
configure:4115: checking for remove
configure:4115: gcc -o conftest -g -O2   conftest.c  >&5
configure:4115: $? = 0
configure:4115: result: yes
configure:4164: checking for shmat
configure:4164: gcc -o conftest -g -O2   conftest.c  >&5
configure:4164: $? = 0
configure:4164: result: yes
configure:4222: checking for IceConnectionNumber in -lICE
configure:4247: gcc -o conftest -g -O2   -L/usr/X11/lib conftest.c -lICE   >&5
configure:4247: $? = 0
configure:4256: result: yes
configure:4334: checking for gmtvector
configure:4350: found /usr/local/bin/gmtvector
configure:4362: result: 1
configure:4379: checking for less
configure:4395: found /usr/bin/less
configure:4406: result: less
configure:4420: checking for ar
configure:4436: found /usr/bin/ar
configure:4448: result: ar
configure:4458: checking for csh
configure:4474: found /bin/csh
configure:4486: result: csh
configure:4496: checking for ld
configure:4512: found /usr/bin/ld
configure:4524: result: ld
configure:4534: checking for gnutar
configure:4562: result: :
configure:4570: checking whether ln -s works
configure:4574: result: yes
configure:4595: checking for a BSD-compatible install
configure:4663: result: /usr/bin/install -c
configure:4678: checking for gawk
configure:4708: result: no
configure:4678: checking for mawk
configure:4708: result: no
configure:4678: checking for nawk
configure:4708: result: no
configure:4678: checking for awk
configure:4694: found /usr/bin/awk
configure:4705: result: awk
configure:4759: checking for ranlib
configure:4775: found /usr/bin/ranlib
configure:4786: result: ranlib
configure:4809: checking for LAPACK library
configure:7140: result: -framework Accelerate
configure:7145: checking for library containing sin
configure:7184: gcc -o conftest -g -O2   conftest.c  >&5
conftest.c:16:6: warning: incompatible redeclaration of library function 'sin' [-Wincompatible-library-redeclaration]
char sin ();
     ^
conftest.c:16:6: note: 'sin' is a builtin with type 'double (double)'
1 warning generated.
configure:7184: $? = 0
configure:7201: result: none required
configure:7209: checking for ORBITS directory
configure:7221: result: /usr/local/orbits
configure:7224: checking for a sed that does not truncate output
configure:7288: result: /usr/bin/sed
configure:7293: checking for grep that handles long lines and -e
configure:7351: result: /usr/bin/grep
configure:7356: checking for egrep
configure:7418: result: /usr/bin/grep -E
configure:7423: checking for ANSI C header files
configure:7451: gcc -c -g -O2  conftest.c >&5
configure:7451: $? = 0
configure:7524: gcc -o conftest -g -O2   conftest.c  >&5
configure:7524: $? = 0
configure:7524: ./conftest
configure:7524: $? = 0
configure:7535: result: yes
configure:7548: checking for sys/types.h
configure:7548: gcc -c -g -O2  conftest.c >&5
configure:7548: $? = 0
configure:7548: result: yes
configure:7548: checking for sys/stat.h
configure:7548: gcc -c -g -O2  conftest.c >&5
configure:7548: $? = 0
configure:7548: result: yes
configure:7548: checking for stdlib.h
configure:7548: gcc -c -g -O2  conftest.c >&5
configure:7548: $? = 0
configure:7548: result: yes
configure:7548: checking for string.h
configure:7548: gcc -c -g -O2  conftest.c >&5
configure:7548: $? = 0
configure:7548: result: yes
configure:7548: checking for memory.h
configure:7548: gcc -c -g -O2  conftest.c >&5
configure:7548: $? = 0
configure:7548: result: yes
configure:7548: checking for strings.h
configure:7548: gcc -c -g -O2  conftest.c >&5
configure:7548: $? = 0
configure:7548: result: yes
configure:7548: checking for inttypes.h
configure:7548: gcc -c -g -O2  conftest.c >&5
configure:7548: $? = 0
configure:7548: result: yes
configure:7548: checking for stdint.h
configure:7548: gcc -c -g -O2  conftest.c >&5
configure:7548: $? = 0
configure:7548: result: yes
configure:7548: checking for unistd.h
configure:7548: gcc -c -g -O2  conftest.c >&5
configure:7548: $? = 0
configure:7548: result: yes
configure:7612: checking for h5cc
configure:7630: found /usr/local/bin/h5cc
configure:7642: result: /usr/local/bin/h5cc
configure:7659: checking for HDF5 libraries
configure:7713: result: yes (version 1.10.5)
configure:7724: checking hdf5.h usability
configure:7724: clang -c -g -O2 -I/usr/local/opt/szip/include -I/usr/local/Cellar/hdf5/1.10.5/include conftest.c >&5
configure:7724: $? = 0
configure:7724: result: yes
configure:7724: checking hdf5.h presence
configure:7724: gcc -E -I/usr/local/opt/szip/include -I/usr/local/Cellar/hdf5/1.10.5/include conftest.c
configure:7724: $? = 0
configure:7724: result: yes
configure:7724: checking for hdf5.h
configure:7724: result: yes
configure:7732: checking for H5Fcreate in -lhdf5
configure:7765: clang -o conftest -g -O2 -I/usr/local/opt/szip/include -I/usr/local/Cellar/hdf5/1.10.5/include -L/usr/local/opt/szip/lib -L/usr/local/Cellar/hdf5/1.10.5/lib  conftest.c -lhdf5  -lm -ldl -lz -lsz  -lhdf5 >&5
configure:7765: $? = 0
configure:7774: result: yes
configure:7786: checking for main in -lhdf5_hl
configure:7813: clang -o conftest -g -O2 -I/usr/local/opt/szip/include -I/usr/local/Cellar/hdf5/1.10.5/include -L/usr/local/opt/szip/lib -L/usr/local/Cellar/hdf5/1.10.5/lib  conftest.c -lhdf5_hl  -lm -ldl -lz -lsz  -lhdf5 >&5
configure:7813: $? = 0
configure:7822: result: yes
configure:7835: checking for matching HDF5 Fortran wrapper
configure:7870: result: no
configure:7891: checking for HDF5 include
configure:7893: result: -I/usr/local/opt/szip/include -I/usr/local/Cellar/hdf5/1.10.5/include
configure:7895: checking for HDF5 libs
configure:7897: result: -L/usr/local/opt/szip/lib -L/usr/local/Cellar/hdf5/1.10.5/lib  -lm -ldl -lz -lsz  -lhdf5 -lhdf5_hl -lhdf5_cpp
configure:7899: checking for TIFF include directory
configure:7918: result: /opt/local/include
configure:7920: checking for TIFF library directory
configure:7939: result: /opt/local/lib
configure:7941: checking for TIFF include directory
configure:7956: result: /opt/local/include
configure:7958: checking for TIFF library directory
configure:7977: result: /opt/local/lib
configure:7982: checking for gmt-config
configure:8000: found /usr/local/bin/gmt-config
configure:8013: result: /usr/local/bin/gmt-config
configure:8023: checking for GMT includes
configure:8026: result: -I/usr/local/include/gmt
configure:8028: checking for GMT libs
configure:8031: result: -L/usr/local/lib -lgmt
configure:8035: checking for 32/64-bit GMT installation
configure:8040: result: found 64-bit
configure:8043: checking if we should compile with debugging switch -g
configure:8069: result: no
configure:8134: checking linker options
configure:8153: result:  -m64 -Wl,-x
configure:8155: checking C compiler options for GMTSAR
configure:8179: result:  -O2 -Wall -m64 -fPIC -fno-strict-aliasing -std=c99
configure:8181: checking compiler preprocessor flags for GMTSAR
configure:8186: result: 
configure:8188: checking if CPPFLAGS need to be added to CFLAGS
configure:8192: result: no
configure:8352: creating ./config.status

## ---------------------- ##
## Running config.status. ##
## ---------------------- ##

This file was extended by GMTSAR config.status 5.5.0, which was
generated by GNU Autoconf 2.69.  Invocation command line was

  CONFIG_FILES    = 
  CONFIG_HEADERS  = 
  CONFIG_LINKS    = 
  CONFIG_COMMANDS = 
  $ ./config.status 

on altika

config.status:790: creating config.mk
config.status:790: creating preproc/ENVI_preproc/scripts/ENVI_pre_process
config.status:790: creating preproc/ENVI_preproc/scripts/ENVI_SLC_pre_process
config.status:790: creating preproc/ERS_preproc/scripts/ERS_pre_process
config.status:790: creating gmtsar/csh/gmtsar_sharedir.csh

## ---------------- ##
## Cache variables. ##
## ---------------- ##

ac_cv_build=x86_64-apple-darwin18.6.0
ac_cv_c_compiler_gnu=yes
ac_cv_env_CC_set=set
ac_cv_env_CC_value=gcc
ac_cv_env_CFLAGS_set=
ac_cv_env_CFLAGS_value=
ac_cv_env_CPPFLAGS_set=
ac_cv_env_CPPFLAGS_value=
ac_cv_env_CPP_set=
ac_cv_env_CPP_value=
ac_cv_env_F77_set=
ac_cv_env_F77_value=
ac_cv_env_FFLAGS_set=
ac_cv_env_FFLAGS_value=
ac_cv_env_GMT_INC_set=
ac_cv_env_GMT_INC_value=
ac_cv_env_GMT_LIB_set=
ac_cv_env_GMT_LIB_value=
ac_cv_env_LDFLAGS_set=
ac_cv_env_LDFLAGS_value=
ac_cv_env_LIBS_set=
ac_cv_env_LIBS_value=
ac_cv_env_XMKMF_set=
ac_cv_env_XMKMF_value=
ac_cv_env_build_alias_set=
ac_cv_env_build_alias_value=
ac_cv_env_host_alias_set=
ac_cv_env_host_alias_value=
ac_cv_env_target_alias_set=
ac_cv_env_target_alias_value=
ac_cv_func_connect=yes
ac_cv_func_gethostbyname=yes
ac_cv_func_remove=yes
ac_cv_func_shmat=yes
ac_cv_hadf5_h=yes
ac_cv_have_x='have_x=yes	ac_x_includes='\''/usr/X11/include'\''	ac_x_libraries='\''/usr/X11/lib'\'''
ac_cv_header_hdf5_h=yes
ac_cv_header_inttypes_h=yes
ac_cv_header_memory_h=yes
ac_cv_header_stdc=yes
ac_cv_header_stdint_h=yes
ac_cv_header_stdlib_h=yes
ac_cv_header_string_h=yes
ac_cv_header_strings_h=yes
ac_cv_header_sys_stat_h=yes
ac_cv_header_sys_types_h=yes
ac_cv_header_unistd_h=yes
ac_cv_host=x86_64-apple-darwin18.6.0
ac_cv_lib_ICE_IceConnectionNumber=yes
ac_cv_lib_hdf5_H5Fcreate=yes
ac_cv_lib_hdf5_hl=ac_cv_lib_hdf5_hl_main
ac_cv_lib_hdf5_hl_main=yes
ac_cv_libhdf5=yes
ac_cv_objext=o
ac_cv_path_EGREP='/usr/bin/grep -E'
ac_cv_path_GMT_CONF=/usr/local/bin/gmt-config
ac_cv_path_GREP=/usr/bin/grep
ac_cv_path_H5CC=/usr/local/bin/h5cc
ac_cv_path_SED=/usr/bin/sed
ac_cv_path_install='/usr/bin/install -c'
ac_cv_prog_AR=ar
ac_cv_prog_AWK=awk
ac_cv_prog_CPP='gcc -E'
ac_cv_prog_CSH=csh
ac_cv_prog_GMT_in_path=1
ac_cv_prog_GNUTAR=:
ac_cv_prog_LD=ld
ac_cv_prog_PAGER=less
ac_cv_prog_ac_ct_CC=gcc
ac_cv_prog_ac_ct_RANLIB=ranlib
ac_cv_prog_cc_c89=
ac_cv_prog_cc_g=yes
ac_cv_search_sin='none required'
ac_cv_target=x86_64-apple-darwin18.6.0

## ----------------- ##
## Output variables. ##
## ----------------- ##

AR='ar'
AWK='awk'
BLAS_LIBS=''
CC='gcc'
CFLAGS=' -O2 -Wall -m64 -fPIC -fno-strict-aliasing -std=c99'
CPP='gcc -E'
CPPFLAGS=''
CSH='csh'
DEFS='-DPACKAGE_NAME=\"GMTSAR\" -DPACKAGE_TARNAME=\"gmtsar\" -DPACKAGE_VERSION=\"5.5.0\" -DPACKAGE_STRING=\"GMTSAR\ 5.5.0\" -DPACKAGE_BUGREPORT=\"gmtsar-l@ucsd.edu\" -DPACKAGE_URL=\"\" -DSTDC_HEADERS=1 -DHAVE_SYS_TYPES_H=1 -DHAVE_SYS_STAT_H=1 -DHAVE_STDLIB_H=1 -DHAVE_STRING_H=1 -DHAVE_MEMORY_H=1 -DHAVE_STRINGS_H=1 -DHAVE_INTTYPES_H=1 -DHAVE_STDINT_H=1 -DHAVE_UNISTD_H=1 -DHAVE_HDF5=1'
ECHO_C='\c'
ECHO_N=''
ECHO_T=''
EGREP='/usr/bin/grep -E'
EXEEXT=''
F77=''
FFLAGS=''
FLIBS=''
GMTSAR_VERSION='5.5.0'
GMT_CONF='/usr/local/bin/gmt-config'
GMT_INC='-I/usr/local/include/gmt'
GMT_LIB='-L/usr/local/lib -lgmt'
GMT_in_path='1'
GNUTAR=':'
GREP='/usr/bin/grep'
H5CC='/usr/local/bin/h5cc'
H5FC='-n /usr/local/bin/h5fc'
HDF5_CC='clang'
HDF5_CFLAGS=''
HDF5_CPPFLAGS='-I/usr/local/opt/szip/include -I/usr/local/Cellar/hdf5/1.10.5/include'
HDF5_FC=''
HDF5_FFLAGS=''
HDF5_FLIBS=''
HDF5_LDFLAGS='-L/usr/local/opt/szip/lib -L/usr/local/Cellar/hdf5/1.10.5/lib '
HDF5_LIBS='-lm -ldl -lz -lsz  -lhdf5 -lhdf5_hl -lhdf5_cpp'
HDF5_VERSION='1.10.5'
INSTALL_DATA='${INSTALL} -m 644'
INSTALL_PROGRAM='${INSTALL}'
INSTALL_SCRIPT='${INSTALL}'
LALIBS='-framework Accelerate'
LAPACK_LIBS=''
LD='ld'
LDFLAGS=' -m64 -Wl,-x'
LD_OPT=''
LIBEXT='a'
LIBOBJS=''
LIBS=''
LN_S='ln -s'
LTLIBOBJS=''
MT='-mt'
OBJEXT='o'
ORBITS_DIR='/usr/local/orbits'
PACKAGE_BUGREPORT='gmtsar-l@ucsd.edu'
PACKAGE_NAME='GMTSAR'
PACKAGE_STRING='GMTSAR 5.5.0'
PACKAGE_TARNAME='gmtsar'
PACKAGE_URL=''
PACKAGE_VERSION='5.5.0'
PAGER='less'
PATH_SEPARATOR=':'
RANLIB='ranlib'
SED='/usr/bin/sed'
SHELL='/bin/sh'
SL='so'
SL_VERSION='$(SL)'
TIFF_INC='/opt/local/include'
TIFF_LIB='/opt/local/lib'
XMKMF=''
X_CFLAGS=' -I/usr/X11/include'
X_EXTRA_LIBS=''
X_LIBS=' -L/usr/X11/lib'
X_PRE_LIBS=' -lSM -lICE'
ac_ct_CC='gcc'
ac_ct_F77=''
bindir='${exec_prefix}/bin'
build='x86_64-apple-darwin18.6.0'
build_alias=''
build_cpu='x86_64'
build_os='darwin18.6.0'
build_vendor='apple'
datadir='${datarootdir}'
datarootdir='${prefix}/share'
docdir='${datarootdir}/doc/${PACKAGE_TARNAME}'
dvidir='${docdir}'
exec_prefix='${prefix}'
host='x86_64-apple-darwin18.6.0'
host_alias=''
host_cpu='x86_64'
host_os='darwin18.6.0'
host_vendor='apple'
htmldir='${docdir}'
includedir='${prefix}/include'
infodir='${datarootdir}/info'
libdir='${exec_prefix}/lib'
libexecdir='${exec_prefix}/libexec'
localedir='${datarootdir}/locale'
localstatedir='${prefix}/var'
mandir='${datarootdir}/man'
oldincludedir='/usr/include'
pdfdir='${docdir}'
prefix='/usr/local/GMTSAR'
program_transform_name='s,x,x,'
psdir='${docdir}'
rootdir='/usr/local/GMTSAR'
sbindir='${exec_prefix}/sbin'
sharedstatedir='${prefix}/com'
sysconfdir='${prefix}/etc'
target='x86_64-apple-darwin18.6.0'
target_alias=''
target_cpu='x86_64'
target_os='darwin18.6.0'
target_vendor='apple'

## ----------- ##
## confdefs.h. ##
## ----------- ##

/* confdefs.h */
#define PACKAGE_NAME "GMTSAR"
#define PACKAGE_TARNAME "gmtsar"
#define PACKAGE_VERSION "5.5.0"
#define PACKAGE_STRING "GMTSAR 5.5.0"
#define PACKAGE_BUGREPORT "gmtsar-l@ucsd.edu"
#define PACKAGE_URL ""
#define STDC_HEADERS 1
#define HAVE_SYS_TYPES_H 1
#define HAVE_SYS_STAT_H 1
#define HAVE_STDLIB_H 1
#define HAVE_STRING_H 1
#define HAVE_MEMORY_H 1
#define HAVE_STRINGS_H 1
#define HAVE_INTTYPES_H 1
#define HAVE_STDINT_H 1
#define HAVE_UNISTD_H 1
#define HAVE_HDF5 1

configure: exit 0
